[ 2018-09-04T13:24:19+08:00 ] 101.81.88.208 /apily/index.php
INFO: [ app_init ] --START--
INFO: Run Behavior\BuildLiteBehavior [ RunTime:0.000014s ]
INFO: [ app_init ] --END-- [ RunTime:0.000287s ]
INFO: [ app_begin ] --START--
INFO: Run Behavior\ReadHtmlCacheBehavior [ RunTime:0.000379s ]
INFO: [ app_begin ] --END-- [ RunTime:0.000417s ]

[ 2018-09-04T13:24:44+08:00 ] 101.81.88.208 /apily/index.php
INFO: [ app_init ] --START--
INFO: Run Behavior\BuildLiteBehavior [ RunTime:0.000013s ]
INFO: [ app_init ] --END-- [ RunTime:0.000283s ]
INFO: [ app_begin ] --START--
INFO: Run Behavior\ReadHtmlCacheBehavior [ RunTime:0.000331s ]
INFO: [ app_begin ] --END-- [ RunTime:0.000366s ]

[ 2018-09-04T13:38:06+08:00 ] 101.81.88.208 /apily/index.php
INFO: [ app_init ] --START--
INFO: Run Behavior\BuildLiteBehavior [ RunTime:0.000013s ]
INFO: [ app_init ] --END-- [ RunTime:0.000286s ]
INFO: [ app_begin ] --START--
INFO: Run Behavior\ReadHtmlCacheBehavior [ RunTime:0.000319s ]
INFO: [ app_begin ] --END-- [ RunTime:0.000354s ]

[ 2018-09-04T13:38:56+08:00 ] 101.81.88.208 /apily/index.php
INFO: [ app_init ] --START--
INFO: Run Behavior\BuildLiteBehavior [ RunTime:0.000013s ]
INFO: [ app_init ] --END-- [ RunTime:0.000278s ]
INFO: [ app_begin ] --START--
INFO: Run Behavior\ReadHtmlCacheBehavior [ RunTime:0.000339s ]
INFO: [ app_begin ] --END-- [ RunTime:0.000376s ]

[ 2018-09-04T13:38:58+08:00 ] 101.81.88.208 /apily/index.php
INFO: [ app_init ] --START--
INFO: Run Behavior\BuildLiteBehavior [ RunTime:0.000010s ]
INFO: [ app_init ] --END-- [ RunTime:0.000243s ]
INFO: [ app_begin ] --START--
INFO: Run Behavior\ReadHtmlCacheBehavior [ RunTime:0.000291s ]
INFO: [ app_begin ] --END-- [ RunTime:0.000323s ]

[ 2018-09-04T13:40:11+08:00 ] 101.81.88.208 /apily/index.php
INFO: [ app_init ] --START--
INFO: Run Behavior\BuildLiteBehavior [ RunTime:0.000011s ]
INFO: [ app_init ] --END-- [ RunTime:0.000240s ]
INFO: [ app_begin ] --START--
INFO: Run Behavior\ReadHtmlCacheBehavior [ RunTime:0.000309s ]
INFO: [ app_begin ] --END-- [ RunTime:0.000342s ]
NOTIC: [8] Undefined variable: access_token E:\phpstudy\PHPTutorial\WWW\apily\App\Home\Controller\IndexController.class.php 第 16 行.
INFO: [ app_end ] --START--
INFO: Run Behavior\ShowPageTraceBehavior [ RunTime:0.000349s ]
INFO: [ app_end ] --END-- [ RunTime:0.000383s ]

[ 2018-09-04T13:40:38+08:00 ] 101.81.88.208 /apily/index.php
INFO: [ app_init ] --START--
INFO: Run Behavior\BuildLiteBehavior [ RunTime:0.000014s ]
INFO: [ app_init ] --END-- [ RunTime:0.000286s ]
INFO: [ app_begin ] --START--
INFO: Run Behavior\ReadHtmlCacheBehavior [ RunTime:0.000322s ]
INFO: [ app_begin ] --END-- [ RunTime:0.000357s ]

[ 2018-09-04T13:41:21+08:00 ] 101.81.88.208 /apily/index.php
INFO: [ app_init ] --START--
INFO: Run Behavior\BuildLiteBehavior [ RunTime:0.000013s ]
INFO: [ app_init ] --END-- [ RunTime:0.000288s ]
INFO: [ app_begin ] --START--
INFO: Run Behavior\ReadHtmlCacheBehavior [ RunTime:0.000318s ]
INFO: [ app_begin ] --END-- [ RunTime:0.000352s ]

[ 2018-09-04T13:43:55+08:00 ] 101.81.88.208 /apily/index.php
INFO: [ app_init ] --START--
INFO: Run Behavior\BuildLiteBehavior [ RunTime:0.000014s ]
INFO: [ app_init ] --END-- [ RunTime:0.000292s ]
INFO: [ app_begin ] --START--
INFO: Run Behavior\ReadHtmlCacheBehavior [ RunTime:0.000320s ]
INFO: [ app_begin ] --END-- [ RunTime:0.000355s ]

[ 2018-09-04T13:48:46+08:00 ] 101.81.88.208 /apily/index.php
INFO: [ app_init ] --START--
INFO: Run Behavior\BuildLiteBehavior [ RunTime:0.000010s ]
INFO: [ app_init ] --END-- [ RunTime:0.000265s ]
INFO: [ app_begin ] --START--
INFO: Run Behavior\ReadHtmlCacheBehavior [ RunTime:0.000392s ]
INFO: [ app_begin ] --END-- [ RunTime:0.000427s ]
ERR: Class 'Home\Controller\Memcache' not found

[ 2018-09-04T13:53:01+08:00 ] 101.81.88.208 /apily/index.php
INFO: [ app_init ] --START--
INFO: Run Behavior\BuildLiteBehavior [ RunTime:0.000013s ]
INFO: [ app_init ] --END-- [ RunTime:0.000293s ]
INFO: [ app_begin ] --START--
INFO: Run Behavior\ReadHtmlCacheBehavior [ RunTime:0.000317s ]
INFO: [ app_begin ] --END-- [ RunTime:0.000352s ]

[ 2018-09-04T13:53:33+08:00 ] 101.81.88.208 /apily/index.php
INFO: [ app_init ] --START--
INFO: Run Behavior\BuildLiteBehavior [ RunTime:0.000012s ]
INFO: [ app_init ] --END-- [ RunTime:0.000306s ]
INFO: [ app_begin ] --START--
INFO: Run Behavior\ReadHtmlCacheBehavior [ RunTime:0.000417s ]
INFO: [ app_begin ] --END-- [ RunTime:0.000456s ]

[ 2018-09-04T13:54:36+08:00 ] 101.81.88.208 /apily/index.php
INFO: [ app_init ] --START--
INFO: Run Behavior\BuildLiteBehavior [ RunTime:0.000012s ]
INFO: [ app_init ] --END-- [ RunTime:0.000248s ]
INFO: [ app_begin ] --START--
INFO: Run Behavior\ReadHtmlCacheBehavior [ RunTime:0.000294s ]
INFO: [ app_begin ] --END-- [ RunTime:0.000327s ]

[ 2018-09-04T13:57:36+08:00 ] 101.81.88.208 /apily/index.php
INFO: [ app_init ] --START--
INFO: Run Behavior\BuildLiteBehavior [ RunTime:0.000013s ]
INFO: [ app_init ] --END-- [ RunTime:0.000288s ]
INFO: [ app_begin ] --START--
INFO: Run Behavior\ReadHtmlCacheBehavior [ RunTime:0.000323s ]
INFO: [ app_begin ] --END-- [ RunTime:0.000359s ]

[ 2018-09-04T13:57:51+08:00 ] 101.81.88.208 /apily/index.php
INFO: [ app_init ] --START--
INFO: Run Behavior\BuildLiteBehavior [ RunTime:0.000010s ]
INFO: [ app_init ] --END-- [ RunTime:0.000234s ]
INFO: [ app_begin ] --START--
INFO: Run Behavior\ReadHtmlCacheBehavior [ RunTime:0.000330s ]
INFO: [ app_begin ] --END-- [ RunTime:0.000363s ]
INFO: [ app_end ] --START--
INFO: Run Behavior\ShowPageTraceBehavior [ RunTime:0.000640s ]
INFO: [ app_end ] --END-- [ RunTime:0.000698s ]

[ 2018-09-04T13:59:01+08:00 ] 101.81.88.208 /apily/index.php
INFO: [ app_init ] --START--
INFO: Run Behavior\BuildLiteBehavior [ RunTime:0.000018s ]
INFO: [ app_init ] --END-- [ RunTime:0.000395s ]
INFO: [ app_begin ] --START--
INFO: Run Behavior\ReadHtmlCacheBehavior [ RunTime:0.000479s ]
INFO: [ app_begin ] --END-- [ RunTime:0.000538s ]
ERR: Think\Controller:http_request方法不存在！

[ 2018-09-04T13:59:17+08:00 ] 101.81.88.208 /apily/index.php
INFO: [ app_init ] --START--
INFO: Run Behavior\BuildLiteBehavior [ RunTime:0.000010s ]
INFO: [ app_init ] --END-- [ RunTime:0.000244s ]
INFO: [ app_begin ] --START--
INFO: Run Behavior\ReadHtmlCacheBehavior [ RunTime:0.000346s ]
INFO: [ app_begin ] --END-- [ RunTime:0.000386s ]
NOTIC: [2] Missing argument 1 for Home\Controller\WeixinController::http_request(), called in E:\phpstudy\PHPTutorial\WWW\apily\ThinkPHP\Common\functions.php on line 728 and defined E:\phpstudy\PHPTutorial\WWW\apily\App\Home\Controller\WeixinController.class.php 第 102 行.
NOTIC: [8] Undefined variable: url E:\phpstudy\PHPTutorial\WWW\apily\App\Home\Controller\WeixinController.class.php 第 105 行.
INFO: [ app_end ] --START--
INFO: Run Behavior\ShowPageTraceBehavior [ RunTime:0.000377s ]
INFO: [ app_end ] --END-- [ RunTime:0.000411s ]

[ 2018-09-04T14:00:00+08:00 ] 101.81.88.208 /apily/index.php
INFO: [ app_init ] --START--
INFO: Run Behavior\BuildLiteBehavior [ RunTime:0.000010s ]
INFO: [ app_init ] --END-- [ RunTime:0.000256s ]
INFO: [ app_begin ] --START--
INFO: Run Behavior\ReadHtmlCacheBehavior [ RunTime:0.000322s ]
INFO: [ app_begin ] --END-- [ RunTime:0.000363s ]
NOTIC: [2] Missing argument 1 for Home\Controller\WeixinController::http_request(), called in E:\phpstudy\PHPTutorial\WWW\apily\ThinkPHP\Common\functions.php on line 728 and defined E:\phpstudy\PHPTutorial\WWW\apily\App\Home\Controller\WeixinController.class.php 第 102 行.
NOTIC: [8] Undefined variable: url E:\phpstudy\PHPTutorial\WWW\apily\App\Home\Controller\WeixinController.class.php 第 105 行.
INFO: [ app_end ] --START--
INFO: Run Behavior\ShowPageTraceBehavior [ RunTime:0.000429s ]
INFO: [ app_end ] --END-- [ RunTime:0.000465s ]

[ 2018-09-04T14:01:22+08:00 ] 101.81.88.208 /apily/index.php
INFO: [ app_init ] --START--
INFO: Run Behavior\BuildLiteBehavior [ RunTime:0.000011s ]
INFO: [ app_init ] --END-- [ RunTime:0.000279s ]
INFO: [ app_begin ] --START--
INFO: Run Behavior\ReadHtmlCacheBehavior [ RunTime:0.000315s ]
INFO: [ app_begin ] --END-- [ RunTime:0.000349s ]
NOTIC: [2] Missing argument 1 for Home\Controller\WeixinController::http_request(), called in E:\phpstudy\PHPTutorial\WWW\apily\ThinkPHP\Common\functions.php on line 728 and defined E:\phpstudy\PHPTutorial\WWW\apily\App\Home\Controller\WeixinController.class.php 第 102 行.
NOTIC: [8] Undefined variable: url E:\phpstudy\PHPTutorial\WWW\apily\App\Home\Controller\WeixinController.class.php 第 105 行.
INFO: [ app_end ] --START--
INFO: Run Behavior\ShowPageTraceBehavior [ RunTime:0.000467s ]
INFO: [ app_end ] --END-- [ RunTime:0.000507s ]

[ 2018-09-04T14:01:23+08:00 ] 101.81.88.208 /apily/index.php
INFO: [ app_init ] --START--
INFO: Run Behavior\BuildLiteBehavior [ RunTime:0.000010s ]
INFO: [ app_init ] --END-- [ RunTime:0.000236s ]
INFO: [ app_begin ] --START--
INFO: Run Behavior\ReadHtmlCacheBehavior [ RunTime:0.000294s ]
INFO: [ app_begin ] --END-- [ RunTime:0.000327s ]
NOTIC: [2] Missing argument 1 for Home\Controller\WeixinController::http_request(), called in E:\phpstudy\PHPTutorial\WWW\apily\ThinkPHP\Common\functions.php on line 728 and defined E:\phpstudy\PHPTutorial\WWW\apily\App\Home\Controller\WeixinController.class.php 第 102 行.
NOTIC: [8] Undefined variable: url E:\phpstudy\PHPTutorial\WWW\apily\App\Home\Controller\WeixinController.class.php 第 105 行.
INFO: [ app_end ] --START--
INFO: Run Behavior\ShowPageTraceBehavior [ RunTime:0.000355s ]
INFO: [ app_end ] --END-- [ RunTime:0.000389s ]

[ 2018-09-04T14:01:23+08:00 ] 101.81.88.208 /apily/index.php
INFO: [ app_init ] --START--
INFO: Run Behavior\BuildLiteBehavior [ RunTime:0.000011s ]
INFO: [ app_init ] --END-- [ RunTime:0.000242s ]
INFO: [ app_begin ] --START--
INFO: Run Behavior\ReadHtmlCacheBehavior [ RunTime:0.000297s ]
INFO: [ app_begin ] --END-- [ RunTime:0.000330s ]
NOTIC: [2] Missing argument 1 for Home\Controller\WeixinController::http_request(), called in E:\phpstudy\PHPTutorial\WWW\apily\ThinkPHP\Common\functions.php on line 728 and defined E:\phpstudy\PHPTutorial\WWW\apily\App\Home\Controller\WeixinController.class.php 第 102 行.
NOTIC: [8] Undefined variable: url E:\phpstudy\PHPTutorial\WWW\apily\App\Home\Controller\WeixinController.class.php 第 105 行.
INFO: [ app_end ] --START--
INFO: Run Behavior\ShowPageTraceBehavior [ RunTime:0.000328s ]
INFO: [ app_end ] --END-- [ RunTime:0.000362s ]

[ 2018-09-04T14:01:31+08:00 ] 101.81.88.208 /apily/index.php
INFO: [ app_init ] --START--
INFO: Run Behavior\BuildLiteBehavior [ RunTime:0.000010s ]
INFO: [ app_init ] --END-- [ RunTime:0.000294s ]
INFO: [ app_begin ] --START--
INFO: Run Behavior\ReadHtmlCacheBehavior [ RunTime:0.000326s ]
INFO: [ app_begin ] --END-- [ RunTime:0.000359s ]
NOTIC: [2] Missing argument 1 for Home\Controller\WeixinController::http_request(), called in E:\phpstudy\PHPTutorial\WWW\apily\ThinkPHP\Common\functions.php on line 728 and defined E:\phpstudy\PHPTutorial\WWW\apily\App\Home\Controller\WeixinController.class.php 第 102 行.
NOTIC: [8] Undefined variable: url E:\phpstudy\PHPTutorial\WWW\apily\App\Home\Controller\WeixinController.class.php 第 105 行.
INFO: [ app_end ] --START--
INFO: Run Behavior\ShowPageTraceBehavior [ RunTime:0.000381s ]
INFO: [ app_end ] --END-- [ RunTime:0.000415s ]

[ 2018-09-04T14:02:11+08:00 ] 101.81.88.208 /apily/index.php
INFO: [ app_init ] --START--
INFO: Run Behavior\BuildLiteBehavior [ RunTime:0.000010s ]
INFO: [ app_init ] --END-- [ RunTime:0.000242s ]
INFO: [ app_begin ] --START--
INFO: Run Behavior\ReadHtmlCacheBehavior [ RunTime:0.000302s ]
INFO: [ app_begin ] --END-- [ RunTime:0.000334s ]
NOTIC: [2] Missing argument 1 for Home\Controller\WeixinController::http_request(), called in E:\phpstudy\PHPTutorial\WWW\apily\ThinkPHP\Common\functions.php on line 728 and defined E:\phpstudy\PHPTutorial\WWW\apily\App\Home\Controller\WeixinController.class.php 第 102 行.
NOTIC: [8] Undefined variable: url E:\phpstudy\PHPTutorial\WWW\apily\App\Home\Controller\WeixinController.class.php 第 105 行.
INFO: [ app_end ] --START--
INFO: Run Behavior\ShowPageTraceBehavior [ RunTime:0.000337s ]
INFO: [ app_end ] --END-- [ RunTime:0.000373s ]

[ 2018-09-04T14:03:12+08:00 ] 101.81.88.208 /apily/index.php
INFO: [ app_init ] --START--
INFO: Run Behavior\BuildLiteBehavior [ RunTime:0.000011s ]
INFO: [ app_init ] --END-- [ RunTime:0.000247s ]
INFO: [ app_begin ] --START--
INFO: Run Behavior\ReadHtmlCacheBehavior [ RunTime:0.000327s ]
INFO: [ app_begin ] --END-- [ RunTime:0.000360s ]
NOTIC: [8] Undefined variable: res E:\phpstudy\PHPTutorial\WWW\apily\App\Home\Controller\IndexController.class.php 第 21 行.
INFO: [ app_end ] --START--
INFO: Run Behavior\ShowPageTraceBehavior [ RunTime:0.000351s ]
INFO: [ app_end ] --END-- [ RunTime:0.000390s ]

[ 2018-09-04T14:05:26+08:00 ] 101.81.88.208 /apily/index.php
INFO: [ app_init ] --START--
INFO: Run Behavior\BuildLiteBehavior [ RunTime:0.000013s ]
INFO: [ app_init ] --END-- [ RunTime:0.000305s ]
INFO: [ app_begin ] --START--
INFO: Run Behavior\ReadHtmlCacheBehavior [ RunTime:0.000320s ]
INFO: [ app_begin ] --END-- [ RunTime:0.000354s ]
NOTIC: [2] file_get_contents(): Unable to find the wrapper &quot;https&quot; - did you forget to enable it when you configured PHP? E:\phpstudy\PHPTutorial\WWW\apily\App\Home\Controller\IndexController.class.php 第 19 行.
NOTIC: [2] file_get_contents(https://api.weixin.qq.com/cgi-bin/user/get?access_token=13_qN_rE6Aa8smeI-uyoGxHQ2wD6nwyYaRYbiygkxkbfgG7TsYoCH_1SuHNlIkqtEvMouv6YhK7CbwDC2aSTqt5Ap8ZlxntwH5GCdmvL8ECy0Gw1vhn7y2QhtoxvjMpF4s7-bGbmzW2YeNwmrwTKOCbAFATXL&amp;next_openid=): failed to open stream: No error E:\phpstudy\PHPTutorial\WWW\apily\App\Home\Controller\IndexController.class.php 第 19 行.
INFO: [ app_end ] --START--
INFO: Run Behavior\ShowPageTraceBehavior [ RunTime:0.000403s ]
INFO: [ app_end ] --END-- [ RunTime:0.000437s ]

[ 2018-09-04T14:06:17+08:00 ] 101.81.88.208 /apily/index.php
INFO: [ app_init ] --START--
INFO: Run Behavior\BuildLiteBehavior [ RunTime:0.000013s ]
INFO: [ app_init ] --END-- [ RunTime:0.000319s ]
INFO: [ app_begin ] --START--
INFO: Run Behavior\ReadHtmlCacheBehavior [ RunTime:0.000326s ]
INFO: [ app_begin ] --END-- [ RunTime:0.000361s ]
NOTIC: [2] file_get_contents(): Unable to find the wrapper &quot;https&quot; - did you forget to enable it when you configured PHP? E:\phpstudy\PHPTutorial\WWW\apily\App\Home\Controller\IndexController.class.php 第 19 行.
NOTIC: [2] file_get_contents(https://api.weixin.qq.com/cgi-bin/user/get?access_token=13_qN_rE6Aa8smeI-uyoGxHQ2wD6nwyYaRYbiygkxkbfgG7TsYoCH_1SuHNlIkqtEvMouv6YhK7CbwDC2aSTqt5Ap8ZlxntwH5GCdmvL8ECy0Gw1vhn7y2QhtoxvjMpF4s7-bGbmzW2YeNwmrwTKOCbAFATXL&amp;next_openid=): failed to open stream: No error E:\phpstudy\PHPTutorial\WWW\apily\App\Home\Controller\IndexController.class.php 第 19 行.
INFO: [ app_end ] --START--
INFO: Run Behavior\ShowPageTraceBehavior [ RunTime:0.000436s ]
INFO: [ app_end ] --END-- [ RunTime:0.000473s ]

[ 2018-09-04T14:06:29+08:00 ] 101.81.88.208 /apily/index.php
INFO: [ app_init ] --START--
INFO: Run Behavior\BuildLiteBehavior [ RunTime:0.000010s ]
INFO: [ app_init ] --END-- [ RunTime:0.000242s ]
INFO: [ app_begin ] --START--
INFO: Run Behavior\ReadHtmlCacheBehavior [ RunTime:0.000448s ]
INFO: [ app_begin ] --END-- [ RunTime:0.000500s ]
NOTIC: [2] file_get_contents(): Unable to find the wrapper &quot;https&quot; - did you forget to enable it when you configured PHP? E:\phpstudy\PHPTutorial\WWW\apily\App\Home\Controller\IndexController.class.php 第 19 行.
NOTIC: [2] file_get_contents(https://api.weixin.qq.com/cgi-bin/user/get?access_token=13_qN_rE6Aa8smeI-uyoGxHQ2wD6nwyYaRYbiygkxkbfgG7TsYoCH_1SuHNlIkqtEvMouv6YhK7CbwDC2aSTqt5Ap8ZlxntwH5GCdmvL8ECy0Gw1vhn7y2QhtoxvjMpF4s7-bGbmzW2YeNwmrwTKOCbAFATXL&amp;next_openid=): failed to open stream: No error E:\phpstudy\PHPTutorial\WWW\apily\App\Home\Controller\IndexController.class.php 第 19 行.
INFO: [ app_end ] --START--
INFO: Run Behavior\ShowPageTraceBehavior [ RunTime:0.000368s ]
INFO: [ app_end ] --END-- [ RunTime:0.000408s ]

[ 2018-09-04T14:06:49+08:00 ] 101.81.88.208 /apily/index.php
INFO: [ app_init ] --START--
INFO: Run Behavior\BuildLiteBehavior [ RunTime:0.000010s ]
INFO: [ app_init ] --END-- [ RunTime:0.000240s ]
INFO: [ app_begin ] --START--
INFO: Run Behavior\ReadHtmlCacheBehavior [ RunTime:0.000303s ]
INFO: [ app_begin ] --END-- [ RunTime:0.000336s ]
NOTIC: [2] file_get_contents(): Unable to find the wrapper &quot;https&quot; - did you forget to enable it when you configured PHP? E:\phpstudy\PHPTutorial\WWW\apily\App\Home\Controller\IndexController.class.php 第 19 行.
NOTIC: [2] file_get_contents(https://api.weixin.qq.com/cgi-bin/user/get?access_token=13_qN_rE6Aa8smeI-uyoGxHQ2wD6nwyYaRYbiygkxkbfgG7TsYoCH_1SuHNlIkqtEvMouv6YhK7CbwDC2aSTqt5Ap8ZlxntwH5GCdmvL8ECy0Gw1vhn7y2QhtoxvjMpF4s7-bGbmzW2YeNwmrwTKOCbAFATXL&amp;next_openid=): failed to open stream: No error E:\phpstudy\PHPTutorial\WWW\apily\App\Home\Controller\IndexController.class.php 第 19 行.
INFO: [ app_end ] --START--
INFO: Run Behavior\ShowPageTraceBehavior [ RunTime:0.000344s ]
INFO: [ app_end ] --END-- [ RunTime:0.000378s ]

[ 2018-09-04T14:07:31+08:00 ] 101.81.88.208 /apily/index.php
INFO: [ app_init ] --START--
INFO: Run Behavior\BuildLiteBehavior [ RunTime:0.000010s ]
INFO: [ app_init ] --END-- [ RunTime:0.000269s ]
INFO: [ app_begin ] --START--
INFO: Run Behavior\ReadHtmlCacheBehavior [ RunTime:0.000351s ]
INFO: [ app_begin ] --END-- [ RunTime:0.000386s ]
NOTIC: [2] file_get_contents(): Unable to find the wrapper &quot;https&quot; - did you forget to enable it when you configured PHP? E:\phpstudy\PHPTutorial\WWW\apily\App\Home\Controller\IndexController.class.php 第 19 行.
NOTIC: [2] file_get_contents(https://api.weixin.qq.com/cgi-bin/user/get?access_token=13_qN_rE6Aa8smeI-uyoGxHQ2wD6nwyYaRYbiygkxkbfgG7TsYoCH_1SuHNlIkqtEvMouv6YhK7CbwDC2aSTqt5Ap8ZlxntwH5GCdmvL8ECy0Gw1vhn7y2QhtoxvjMpF4s7-bGbmzW2YeNwmrwTKOCbAFATXL&amp;next_openid=): failed to open stream: No error E:\phpstudy\PHPTutorial\WWW\apily\App\Home\Controller\IndexController.class.php 第 19 行.
INFO: [ app_end ] --START--
INFO: Run Behavior\ShowPageTraceBehavior [ RunTime:0.000375s ]
INFO: [ app_end ] --END-- [ RunTime:0.000409s ]

[ 2018-09-04T14:07:32+08:00 ] 101.81.88.208 /apily/index.php
INFO: [ app_init ] --START--
INFO: Run Behavior\BuildLiteBehavior [ RunTime:0.000010s ]
INFO: [ app_init ] --END-- [ RunTime:0.000251s ]
INFO: [ app_begin ] --START--
INFO: Run Behavior\ReadHtmlCacheBehavior [ RunTime:0.000299s ]
INFO: [ app_begin ] --END-- [ RunTime:0.000332s ]
NOTIC: [2] file_get_contents(): Unable to find the wrapper &quot;https&quot; - did you forget to enable it when you configured PHP? E:\phpstudy\PHPTutorial\WWW\apily\App\Home\Controller\IndexController.class.php 第 19 行.
NOTIC: [2] file_get_contents(https://api.weixin.qq.com/cgi-bin/user/get?access_token=13_qN_rE6Aa8smeI-uyoGxHQ2wD6nwyYaRYbiygkxkbfgG7TsYoCH_1SuHNlIkqtEvMouv6YhK7CbwDC2aSTqt5Ap8ZlxntwH5GCdmvL8ECy0Gw1vhn7y2QhtoxvjMpF4s7-bGbmzW2YeNwmrwTKOCbAFATXL&amp;next_openid=): failed to open stream: No error E:\phpstudy\PHPTutorial\WWW\apily\App\Home\Controller\IndexController.class.php 第 19 行.
INFO: [ app_end ] --START--
INFO: Run Behavior\ShowPageTraceBehavior [ RunTime:0.000346s ]
INFO: [ app_end ] --END-- [ RunTime:0.000382s ]

[ 2018-09-04T14:08:27+08:00 ] 101.81.88.208 /apily/index.php
INFO: [ app_init ] --START--
INFO: Run Behavior\BuildLiteBehavior [ RunTime:0.000010s ]
INFO: [ app_init ] --END-- [ RunTime:0.000266s ]
INFO: [ app_begin ] --START--
INFO: Run Behavior\ReadHtmlCacheBehavior [ RunTime:0.000331s ]
INFO: [ app_begin ] --END-- [ RunTime:0.000367s ]
NOTIC: [2] file_get_contents(): Filename cannot be empty E:\phpstudy\PHPTutorial\WWW\apily\App\Home\Controller\IndexController.class.php 第 17 行.
INFO: [ app_end ] --START--
INFO: Run Behavior\ShowPageTraceBehavior [ RunTime:0.000397s ]
INFO: [ app_end ] --END-- [ RunTime:0.000439s ]

[ 2018-09-04T14:08:32+08:00 ] 101.81.88.208 /apily/index.php
INFO: [ app_init ] --START--
INFO: Run Behavior\BuildLiteBehavior [ RunTime:0.000011s ]
INFO: [ app_init ] --END-- [ RunTime:0.000297s ]
INFO: [ app_begin ] --START--
INFO: Run Behavior\ReadHtmlCacheBehavior [ RunTime:0.000338s ]
INFO: [ app_begin ] --END-- [ RunTime:0.000374s ]
NOTIC: [2] file_get_contents(): Filename cannot be empty E:\phpstudy\PHPTutorial\WWW\apily\App\Home\Controller\IndexController.class.php 第 17 行.
INFO: [ app_end ] --START--
INFO: Run Behavior\ShowPageTraceBehavior [ RunTime:0.000419s ]
INFO: [ app_end ] --END-- [ RunTime:0.000454s ]

[ 2018-09-04T14:09:21+08:00 ] 101.81.88.208 /apily/index.php
INFO: [ app_init ] --START--
INFO: Run Behavior\BuildLiteBehavior [ RunTime:0.000010s ]
INFO: [ app_init ] --END-- [ RunTime:0.000232s ]
INFO: [ app_begin ] --START--
INFO: Run Behavior\ReadHtmlCacheBehavior [ RunTime:0.000297s ]
INFO: [ app_begin ] --END-- [ RunTime:0.000330s ]
NOTIC: [2] Missing argument 1 for Home\Controller\WeixinController::http_request(), called in E:\phpstudy\PHPTutorial\WWW\apily\ThinkPHP\Common\functions.php on line 728 and defined E:\phpstudy\PHPTutorial\WWW\apily\App\Home\Controller\WeixinController.class.php 第 102 行.
NOTIC: [8] Undefined variable: url E:\phpstudy\PHPTutorial\WWW\apily\App\Home\Controller\WeixinController.class.php 第 105 行.
INFO: [ app_end ] --START--
INFO: Run Behavior\ShowPageTraceBehavior [ RunTime:0.000344s ]
INFO: [ app_end ] --END-- [ RunTime:0.000378s ]

[ 2018-09-04T14:09:22+08:00 ] 101.81.88.208 /apily/index.php
INFO: [ app_init ] --START--
INFO: Run Behavior\BuildLiteBehavior [ RunTime:0.000010s ]
INFO: [ app_init ] --END-- [ RunTime:0.000244s ]
INFO: [ app_begin ] --START--
INFO: Run Behavior\ReadHtmlCacheBehavior [ RunTime:0.000303s ]
INFO: [ app_begin ] --END-- [ RunTime:0.000336s ]
NOTIC: [2] Missing argument 1 for Home\Controller\WeixinController::http_request(), called in E:\phpstudy\PHPTutorial\WWW\apily\ThinkPHP\Common\functions.php on line 728 and defined E:\phpstudy\PHPTutorial\WWW\apily\App\Home\Controller\WeixinController.class.php 第 102 行.
NOTIC: [8] Undefined variable: url E:\phpstudy\PHPTutorial\WWW\apily\App\Home\Controller\WeixinController.class.php 第 105 行.
INFO: [ app_end ] --START--
INFO: Run Behavior\ShowPageTraceBehavior [ RunTime:0.000373s ]
INFO: [ app_end ] --END-- [ RunTime:0.000407s ]

[ 2018-09-04T14:10:00+08:00 ] 101.81.88.208 /apily/index.php
INFO: [ app_init ] --START--
INFO: Run Behavior\BuildLiteBehavior [ RunTime:0.000012s ]
INFO: [ app_init ] --END-- [ RunTime:0.000322s ]
INFO: [ app_begin ] --START--
INFO: Run Behavior\ReadHtmlCacheBehavior [ RunTime:0.000365s ]
INFO: [ app_begin ] --END-- [ RunTime:0.000410s ]
INFO: [ app_end ] --START--
INFO: Run Behavior\ShowPageTraceBehavior [ RunTime:0.000510s ]
INFO: [ app_end ] --END-- [ RunTime:0.000567s ]

[ 2018-09-04T14:10:01+08:00 ] 101.81.88.208 /apily/index.php
INFO: [ app_init ] --START--
INFO: Run Behavior\BuildLiteBehavior [ RunTime:0.000012s ]
INFO: [ app_init ] --END-- [ RunTime:0.000300s ]
INFO: [ app_begin ] --START--
INFO: Run Behavior\ReadHtmlCacheBehavior [ RunTime:0.000339s ]
INFO: [ app_begin ] --END-- [ RunTime:0.000386s ]
INFO: [ app_end ] --START--
INFO: Run Behavior\ShowPageTraceBehavior [ RunTime:0.000519s ]
INFO: [ app_end ] --END-- [ RunTime:0.000577s ]

[ 2018-09-04T14:10:01+08:00 ] 101.81.88.208 /apily/index.php
INFO: [ app_init ] --START--
INFO: Run Behavior\BuildLiteBehavior [ RunTime:0.000010s ]
INFO: [ app_init ] --END-- [ RunTime:0.000257s ]
INFO: [ app_begin ] --START--
INFO: Run Behavior\ReadHtmlCacheBehavior [ RunTime:0.000301s ]
INFO: [ app_begin ] --END-- [ RunTime:0.000334s ]
INFO: [ app_end ] --START--
INFO: Run Behavior\ShowPageTraceBehavior [ RunTime:0.000496s ]
INFO: [ app_end ] --END-- [ RunTime:0.000554s ]

[ 2018-09-04T14:10:54+08:00 ] 101.81.88.208 /apily/index.php
INFO: [ app_init ] --START--
INFO: Run Behavior\BuildLiteBehavior [ RunTime:0.000015s ]
INFO: [ app_init ] --END-- [ RunTime:0.000486s ]
INFO: [ app_begin ] --START--
INFO: Run Behavior\ReadHtmlCacheBehavior [ RunTime:0.000353s ]
INFO: [ app_begin ] --END-- [ RunTime:0.000395s ]
INFO: [ app_end ] --START--
INFO: Run Behavior\ShowPageTraceBehavior [ RunTime:0.000513s ]
INFO: [ app_end ] --END-- [ RunTime:0.000571s ]

[ 2018-09-04T14:11:03+08:00 ] 101.81.88.208 /apily/index.php
INFO: [ app_init ] --START--
INFO: Run Behavior\BuildLiteBehavior [ RunTime:0.000013s ]
INFO: [ app_init ] --END-- [ RunTime:0.000403s ]
INFO: [ app_begin ] --START--
INFO: Run Behavior\ReadHtmlCacheBehavior [ RunTime:0.000513s ]
INFO: [ app_begin ] --END-- [ RunTime:0.000565s ]
INFO: [ app_end ] --START--
INFO: Run Behavior\ShowPageTraceBehavior [ RunTime:0.000546s ]
INFO: [ app_end ] --END-- [ RunTime:0.000603s ]

[ 2018-09-04T14:11:17+08:00 ] 101.81.88.208 /apily/index.php
INFO: [ app_init ] --START--
INFO: Run Behavior\BuildLiteBehavior [ RunTime:0.000010s ]
INFO: [ app_init ] --END-- [ RunTime:0.000258s ]
INFO: [ app_begin ] --START--
INFO: Run Behavior\ReadHtmlCacheBehavior [ RunTime:0.000291s ]
INFO: [ app_begin ] --END-- [ RunTime:0.000324s ]
INFO: [ app_end ] --START--
INFO: Run Behavior\ShowPageTraceBehavior [ RunTime:0.000622s ]
INFO: [ app_end ] --END-- [ RunTime:0.000693s ]

[ 2018-09-04T14:12:06+08:00 ] 101.81.88.208 /apily/index.php
INFO: [ app_init ] --START--
INFO: Run Behavior\BuildLiteBehavior [ RunTime:0.000011s ]
INFO: [ app_init ] --END-- [ RunTime:0.000262s ]
INFO: [ app_begin ] --START--
INFO: Run Behavior\ReadHtmlCacheBehavior [ RunTime:0.000315s ]
INFO: [ app_begin ] --END-- [ RunTime:0.000350s ]
INFO: [ app_end ] --START--
INFO: Run Behavior\ShowPageTraceBehavior [ RunTime:0.000543s ]
INFO: [ app_end ] --END-- [ RunTime:0.000601s ]

